{"D:\\microverse\\Module-2\\Week 5\\Capstone-Project\\JavaScript-Capstone\\src\\modules\\api\\showApi.js": {"path":"D:\\microverse\\Module-2\\Week 5\\Capstone-Project\\JavaScript-Capstone\\src\\modules\\api\\showApi.js","statementMap":{"0":{"start":{"line":1,"column":16},"end":{"line":1,"column":40}},"1":{"start":{"line":2,"column":27},"end":{"line":2,"column":100}},"2":{"start":{"line":3,"column":14},"end":{"line":3,"column":36}},"3":{"start":{"line":4,"column":20},"end":{"line":9,"column":1}},"4":{"start":{"line":5,"column":14},"end":{"line":5,"column":42}},"5":{"start":{"line":6,"column":13},"end":{"line":6,"column":29}},"6":{"start":{"line":7,"column":2},"end":{"line":7,"column":27}},"7":{"start":{"line":8,"column":2},"end":{"line":8,"column":14}},"8":{"start":{"line":10,"column":22},"end":{"line":15,"column":1}},"9":{"start":{"line":11,"column":14},"end":{"line":11,"column":73}},"10":{"start":{"line":12,"column":17},"end":{"line":12,"column":33}},"11":{"start":{"line":13,"column":2},"end":{"line":13,"column":35}},"12":{"start":{"line":14,"column":2},"end":{"line":14,"column":18}},"13":{"start":{"line":16,"column":26},"end":{"line":30,"column":1}},"14":{"start":{"line":17,"column":14},"end":{"line":17,"column":55}},"15":{"start":{"line":18,"column":19},"end":{"line":28,"column":4}},"16":{"start":{"line":29,"column":2},"end":{"line":29,"column":25}}},"fnMap":{"0":{"name":"(anonymous_0)","decl":{"start":{"line":4,"column":20},"end":{"line":4,"column":21}},"loc":{"start":{"line":4,"column":38},"end":{"line":9,"column":1}},"line":4},"1":{"name":"(anonymous_1)","decl":{"start":{"line":10,"column":22},"end":{"line":10,"column":23}},"loc":{"start":{"line":10,"column":40},"end":{"line":15,"column":1}},"line":10},"2":{"name":"(anonymous_2)","decl":{"start":{"line":16,"column":26},"end":{"line":16,"column":27}},"loc":{"start":{"line":16,"column":59},"end":{"line":30,"column":1}},"line":16}},"branchMap":{},"s":{"0":1,"1":1,"2":1,"3":1,"4":0,"5":0,"6":0,"7":0,"8":1,"9":0,"10":0,"11":0,"12":0,"13":1,"14":0,"15":0,"16":0},"f":{"0":0,"1":0,"2":0},"b":{},"_coverageSchema":"1a1c01bbd47fc00a2c39e90264f33305004495a9","hash":"deb302063b85c8c41bae98d4b2fccf69add626c3"}
,"D:\\microverse\\Module-2\\Week 5\\Capstone-Project\\JavaScript-Capstone\\src\\modules\\comment\\commentPopup.js": {"path":"D:\\microverse\\Module-2\\Week 5\\Capstone-Project\\JavaScript-Capstone\\src\\modules\\comment\\commentPopup.js","statementMap":{"0":{"start":{"line":7,"column":20},"end":{"line":11,"column":1}},"1":{"start":{"line":8,"column":2},"end":{"line":10,"column":5}},"2":{"start":{"line":9,"column":4},"end":{"line":9,"column":129}},"3":{"start":{"line":13,"column":25},"end":{"line":13,"column":44}},"4":{"start":{"line":13,"column":34},"end":{"line":13,"column":44}},"5":{"start":{"line":15,"column":25},"end":{"line":18,"column":1}},"6":{"start":{"line":16,"column":23},"end":{"line":16,"column":50}},"7":{"start":{"line":17,"column":2},"end":{"line":17,"column":58}},"8":{"start":{"line":21,"column":26},"end":{"line":21,"column":51}},"9":{"start":{"line":22,"column":30},"end":{"line":22,"column":57}},"10":{"start":{"line":23,"column":23},"end":{"line":23,"column":63}},"11":{"start":{"line":24,"column":2},"end":{"line":24,"column":39}},"12":{"start":{"line":26,"column":2},"end":{"line":82,"column":8}},"13":{"start":{"line":83,"column":13},"end":{"line":83,"column":53}},"14":{"start":{"line":84,"column":2},"end":{"line":84,"column":39}},"15":{"start":{"line":86,"column":22},"end":{"line":86,"column":60}},"16":{"start":{"line":87,"column":2},"end":{"line":87,"column":87}},"17":{"start":{"line":87,"column":46},"end":{"line":87,"column":85}},"18":{"start":{"line":89,"column":24},"end":{"line":89,"column":55}},"19":{"start":{"line":90,"column":22},"end":{"line":90,"column":56}},"20":{"start":{"line":91,"column":22},"end":{"line":91,"column":52}},"21":{"start":{"line":92,"column":23},"end":{"line":92,"column":64}},"22":{"start":{"line":93,"column":2},"end":{"line":107,"column":5}},"23":{"start":{"line":94,"column":4},"end":{"line":94,"column":23}},"24":{"start":{"line":95,"column":4},"end":{"line":95,"column":70}},"25":{"start":{"line":96,"column":4},"end":{"line":102,"column":7}},"26":{"start":{"line":104,"column":4},"end":{"line":104,"column":29}},"27":{"start":{"line":105,"column":4},"end":{"line":105,"column":27}},"28":{"start":{"line":106,"column":4},"end":{"line":106,"column":56}}},"fnMap":{"0":{"name":"(anonymous_0)","decl":{"start":{"line":7,"column":20},"end":{"line":7,"column":21}},"loc":{"start":{"line":7,"column":39},"end":{"line":11,"column":1}},"line":7},"1":{"name":"(anonymous_1)","decl":{"start":{"line":8,"column":14},"end":{"line":8,"column":15}},"loc":{"start":{"line":8,"column":27},"end":{"line":10,"column":3}},"line":8},"2":{"name":"(anonymous_2)","decl":{"start":{"line":13,"column":25},"end":{"line":13,"column":26}},"loc":{"start":{"line":13,"column":34},"end":{"line":13,"column":44}},"line":13},"3":{"name":"(anonymous_3)","decl":{"start":{"line":15,"column":25},"end":{"line":15,"column":26}},"loc":{"start":{"line":15,"column":57},"end":{"line":18,"column":1}},"line":15},"4":{"name":"showCommentPage","decl":{"start":{"line":20,"column":30},"end":{"line":20,"column":45}},"loc":{"start":{"line":20,"column":54},"end":{"line":108,"column":1}},"line":20},"5":{"name":"(anonymous_5)","decl":{"start":{"line":87,"column":40},"end":{"line":87,"column":41}},"loc":{"start":{"line":87,"column":46},"end":{"line":87,"column":85}},"line":87},"6":{"name":"(anonymous_6)","decl":{"start":{"line":93,"column":41},"end":{"line":93,"column":42}},"loc":{"start":{"line":93,"column":54},"end":{"line":107,"column":3}},"line":93}},"branchMap":{},"s":{"0":1,"1":0,"2":0,"3":1,"4":3,"5":1,"6":0,"7":0,"8":0,"9":0,"10":0,"11":0,"12":0,"13":0,"14":0,"15":0,"16":0,"17":0,"18":0,"19":0,"20":0,"21":0,"22":0,"23":0,"24":0,"25":0,"26":0,"27":0,"28":0},"f":{"0":0,"1":0,"2":3,"3":0,"4":0,"5":0,"6":0},"b":{},"_coverageSchema":"1a1c01bbd47fc00a2c39e90264f33305004495a9","hash":"6b6b324d2ed4819856402662843db25ae1869c63"}
}
